<?xml version="1.0" encoding="UTF-8"?>
<testsuite name="BoardTest" tests="6" skipped="0" failures="0" errors="0" timestamp="2023-05-16T05:02:36" hostname="ALDO" time="0.028">
  <properties/>
  <testcase name="givenLastTurnOThenPutX()" classname="BoardTest" time="0.019"/>
  <testcase name="whenPutPieceInOccupiedCellThrowsRuntimeException()" classname="BoardTest" time="0.002"/>
  <testcase name="givenLastTurnXThenPutO()" classname="BoardTest" time="0.001"/>
  <testcase name="whenPutPieceFailsXAxisThrowsRuntimeException()" classname="BoardTest" time="0.001"/>
  <testcase name="whenPutPieceFailsYAxisThrowsRuntimeException()" classname="BoardTest" time="0.002"/>
  <testcase name="firstTurnPutX()" classname="BoardTest" time="0.001"/>
  <system-out><![CDATA[]]></system-out>
  <system-err><![CDATA[]]></system-err>
</testsuite>
