<?xml version="1.0" encoding="UTF-8"?>
<testsuite name="TestPiecePlacement" tests="5" skipped="0" failures="0" errors="0" timestamp="2023-07-25T03:15:19" hostname="ALDO" time="0.051">
  <properties/>
  <testcase name="[1] 2, 5" classname="TestPiecePlacement" time="0.041"/>
  <testcase name="[2] 2, 0" classname="TestPiecePlacement" time="0.0"/>
  <testcase name="[1] 5, 2" classname="TestPiecePlacement" time="0.001"/>
  <testcase name="[2] 0, 2" classname="TestPiecePlacement" time="0.0"/>
  <testcase name="Cuando el jugador coloca una pieza en una posiciÃ³n ocupada,se lanza una excepciÃ³n." classname="TestPiecePlacement" time="0.001"/>
  <system-out><![CDATA[]]></system-out>
  <system-err><![CDATA[]]></system-err>
</testsuite>
